2024-03-23T21:12:56.326-03:00  INFO 26236 --- [message_ms] [main] [                                                 ] c.cintelink.message.MessageApplication   : Starting MessageApplication using Java 18.0.2.1 with PID 26236 (C:\Users\Usuario\Documents\Proyectos\PruebaTecnica\mensajeria_ms\target\classes started by Usuario in C:\Users\Usuario\Documents\Proyectos\PruebaTecnica\mensajeria_ms)
2024-03-23T21:12:56.333-03:00  INFO 26236 --- [message_ms] [main] [                                                 ] c.cintelink.message.MessageApplication   : No active profile set, falling back to 1 default profile: "default"
2024-03-23T21:12:59.540-03:00  INFO 26236 --- [message_ms] [main] [                                                 ] .s.d.r.c.RepositoryConfigurationDelegate : Bootstrapping Spring Data JPA repositories in DEFAULT mode.
2024-03-23T21:12:59.722-03:00  INFO 26236 --- [message_ms] [main] [                                                 ] .s.d.r.c.RepositoryConfigurationDelegate : Finished Spring Data repository scanning in 150 ms. Found 1 JPA repository interface.
2024-03-23T21:13:02.728-03:00  INFO 26236 --- [message_ms] [main] [                                                 ] o.s.b.w.embedded.tomcat.TomcatWebServer  : Tomcat initialized with port 8082 (http)
2024-03-23T21:13:02.780-03:00  INFO 26236 --- [message_ms] [main] [                                                 ] o.apache.catalina.core.StandardService   : Starting service [Tomcat]
2024-03-23T21:13:02.781-03:00  INFO 26236 --- [message_ms] [main] [                                                 ] o.apache.catalina.core.StandardEngine    : Starting Servlet engine: [Apache Tomcat/10.1.19]
2024-03-23T21:13:03.048-03:00  INFO 26236 --- [message_ms] [main] [                                                 ] o.a.c.c.C.[Tomcat].[localhost].[/]       : Initializing Spring embedded WebApplicationContext
2024-03-23T21:13:03.049-03:00  INFO 26236 --- [message_ms] [main] [                                                 ] w.s.c.ServletWebServerApplicationContext : Root WebApplicationContext: initialization completed in 6609 ms
2024-03-23T21:13:05.301-03:00  INFO 26236 --- [message_ms] [main] [                                                 ] o.hibernate.jpa.internal.util.LogHelper  : HHH000204: Processing PersistenceUnitInfo [name: default]
2024-03-23T21:13:05.538-03:00  INFO 26236 --- [message_ms] [main] [                                                 ] org.hibernate.Version                    : HHH000412: Hibernate ORM core version 6.4.4.Final
2024-03-23T21:13:05.703-03:00  INFO 26236 --- [message_ms] [main] [                                                 ] o.h.c.internal.RegionFactoryInitiator    : HHH000026: Second-level cache disabled
2024-03-23T21:13:06.866-03:00  INFO 26236 --- [message_ms] [main] [                                                 ] o.s.o.j.p.SpringPersistenceUnitInfo      : No LoadTimeWeaver setup: ignoring JPA class transformer
2024-03-23T21:13:06.972-03:00  INFO 26236 --- [message_ms] [main] [                                                 ] com.zaxxer.hikari.HikariDataSource       : HikariPool-1 - Starting...
2024-03-23T21:13:07.783-03:00  INFO 26236 --- [message_ms] [main] [                                                 ] com.zaxxer.hikari.pool.HikariPool        : HikariPool-1 - Added connection com.mysql.cj.jdbc.ConnectionImpl@5dba3fdc
2024-03-23T21:13:07.787-03:00  INFO 26236 --- [message_ms] [main] [                                                 ] com.zaxxer.hikari.HikariDataSource       : HikariPool-1 - Start completed.
2024-03-23T21:13:10.228-03:00  INFO 26236 --- [message_ms] [main] [                                                 ] o.h.e.t.j.p.i.JtaPlatformInitiator       : HHH000489: No JTA platform available (set 'hibernate.transaction.jta.platform' to enable JTA platform integration)
2024-03-23T21:13:10.319-03:00  INFO 26236 --- [message_ms] [main] [                                                 ] j.LocalContainerEntityManagerFactoryBean : Initialized JPA EntityManagerFactory for persistence unit 'default'
2024-03-23T21:13:11.277-03:00  WARN 26236 --- [message_ms] [main] [                                                 ] JpaBaseConfiguration$JpaWebConfiguration : spring.jpa.open-in-view is enabled by default. Therefore, database queries may be performed during view rendering. Explicitly configure spring.jpa.open-in-view to disable this warning
2024-03-23T21:13:13.386-03:00  INFO 26236 --- [message_ms] [main] [                                                 ] o.s.b.a.e.web.EndpointLinksResolver      : Exposing 1 endpoint(s) beneath base path '/actuator'
2024-03-23T21:13:13.627-03:00  INFO 26236 --- [message_ms] [main] [                                                 ] o.s.b.w.embedded.tomcat.TomcatWebServer  : Tomcat started on port 8082 (http) with context path ''
2024-03-23T21:13:13.687-03:00  INFO 26236 --- [message_ms] [main] [                                                 ] c.cintelink.message.MessageApplication   : Started MessageApplication in 18.772 seconds (process running for 20.049)
2024-03-23T21:18:56.806-03:00  INFO 26236 --- [message_ms] [SpringApplicationShutdownHook] [                                                 ] j.LocalContainerEntityManagerFactoryBean : Closing JPA EntityManagerFactory for persistence unit 'default'
2024-03-23T21:18:56.808-03:00  INFO 26236 --- [message_ms] [SpringApplicationShutdownHook] [                                                 ] com.zaxxer.hikari.HikariDataSource       : HikariPool-1 - Shutdown initiated...
2024-03-23T21:18:56.822-03:00  INFO 26236 --- [message_ms] [SpringApplicationShutdownHook] [                                                 ] com.zaxxer.hikari.HikariDataSource       : HikariPool-1 - Shutdown completed.
2024-03-23T21:20:27.616-03:00  INFO 30784 --- [message_ms] [main] [                                                 ] c.cintelink.message.MessageApplication   : Starting MessageApplication using Java 18.0.2.1 with PID 30784 (C:\Users\Usuario\Documents\Proyectos\PruebaTecnica\mensajeria_ms\target\classes started by Usuario in C:\Users\Usuario\Documents\Proyectos\PruebaTecnica\mensajeria_ms)
2024-03-23T21:20:27.623-03:00  INFO 30784 --- [message_ms] [main] [                                                 ] c.cintelink.message.MessageApplication   : No active profile set, falling back to 1 default profile: "default"
2024-03-23T21:20:30.484-03:00  INFO 30784 --- [message_ms] [main] [                                                 ] .s.d.r.c.RepositoryConfigurationDelegate : Bootstrapping Spring Data JPA repositories in DEFAULT mode.
2024-03-23T21:20:30.649-03:00  INFO 30784 --- [message_ms] [main] [                                                 ] .s.d.r.c.RepositoryConfigurationDelegate : Finished Spring Data repository scanning in 140 ms. Found 1 JPA repository interface.
2024-03-23T21:20:33.280-03:00  INFO 30784 --- [message_ms] [main] [                                                 ] o.s.b.w.embedded.tomcat.TomcatWebServer  : Tomcat initialized with port 8082 (http)
2024-03-23T21:20:33.338-03:00  INFO 30784 --- [message_ms] [main] [                                                 ] o.apache.catalina.core.StandardService   : Starting service [Tomcat]
2024-03-23T21:20:33.339-03:00  INFO 30784 --- [message_ms] [main] [                                                 ] o.apache.catalina.core.StandardEngine    : Starting Servlet engine: [Apache Tomcat/10.1.19]
2024-03-23T21:20:33.629-03:00  INFO 30784 --- [message_ms] [main] [                                                 ] o.a.c.c.C.[Tomcat].[localhost].[/]       : Initializing Spring embedded WebApplicationContext
2024-03-23T21:20:33.631-03:00  INFO 30784 --- [message_ms] [main] [                                                 ] w.s.c.ServletWebServerApplicationContext : Root WebApplicationContext: initialization completed in 5891 ms
2024-03-23T21:20:35.850-03:00  INFO 30784 --- [message_ms] [main] [                                                 ] o.hibernate.jpa.internal.util.LogHelper  : HHH000204: Processing PersistenceUnitInfo [name: default]
2024-03-23T21:20:36.185-03:00  INFO 30784 --- [message_ms] [main] [                                                 ] org.hibernate.Version                    : HHH000412: Hibernate ORM core version 6.4.4.Final
2024-03-23T21:20:36.421-03:00  INFO 30784 --- [message_ms] [main] [                                                 ] o.h.c.internal.RegionFactoryInitiator    : HHH000026: Second-level cache disabled
2024-03-23T21:20:37.718-03:00  INFO 30784 --- [message_ms] [main] [                                                 ] o.s.o.j.p.SpringPersistenceUnitInfo      : No LoadTimeWeaver setup: ignoring JPA class transformer
2024-03-23T21:20:37.812-03:00  INFO 30784 --- [message_ms] [main] [                                                 ] com.zaxxer.hikari.HikariDataSource       : HikariPool-1 - Starting...
2024-03-23T21:20:38.694-03:00  INFO 30784 --- [message_ms] [main] [                                                 ] com.zaxxer.hikari.pool.HikariPool        : HikariPool-1 - Added connection com.mysql.cj.jdbc.ConnectionImpl@3856d0cb
2024-03-23T21:20:38.698-03:00  INFO 30784 --- [message_ms] [main] [                                                 ] com.zaxxer.hikari.HikariDataSource       : HikariPool-1 - Start completed.
2024-03-23T21:20:41.621-03:00  INFO 30784 --- [message_ms] [main] [                                                 ] o.h.e.t.j.p.i.JtaPlatformInitiator       : HHH000489: No JTA platform available (set 'hibernate.transaction.jta.platform' to enable JTA platform integration)
2024-03-23T21:20:41.716-03:00  INFO 30784 --- [message_ms] [main] [                                                 ] j.LocalContainerEntityManagerFactoryBean : Initialized JPA EntityManagerFactory for persistence unit 'default'
2024-03-23T21:20:43.401-03:00  WARN 30784 --- [message_ms] [main] [                                                 ] JpaBaseConfiguration$JpaWebConfiguration : spring.jpa.open-in-view is enabled by default. Therefore, database queries may be performed during view rendering. Explicitly configure spring.jpa.open-in-view to disable this warning
2024-03-23T21:20:47.098-03:00  INFO 30784 --- [message_ms] [main] [                                                 ] o.s.b.a.e.web.EndpointLinksResolver      : Exposing 1 endpoint(s) beneath base path '/actuator'
2024-03-23T21:20:47.706-03:00  INFO 30784 --- [message_ms] [main] [                                                 ] o.s.b.w.embedded.tomcat.TomcatWebServer  : Tomcat started on port 8082 (http) with context path ''
2024-03-23T21:20:47.850-03:00  INFO 30784 --- [message_ms] [main] [                                                 ] c.cintelink.message.MessageApplication   : Started MessageApplication in 21.594 seconds (process running for 23.129)
2024-03-23T22:46:20.938-03:00  WARN 30784 --- [message_ms] [HikariPool-1 housekeeper] [                                                 ] com.zaxxer.hikari.pool.HikariPool        : HikariPool-1 - Thread starvation or clock leap detected (housekeeper delta=12m41s188ms449µs).
2024-03-23T23:12:03.060-03:00  INFO 30784 --- [message_ms] [SpringApplicationShutdownHook] [                                                 ] j.LocalContainerEntityManagerFactoryBean : Closing JPA EntityManagerFactory for persistence unit 'default'
2024-03-23T23:12:03.128-03:00  INFO 30784 --- [message_ms] [SpringApplicationShutdownHook] [                                                 ] com.zaxxer.hikari.HikariDataSource       : HikariPool-1 - Shutdown initiated...
2024-03-23T23:12:03.176-03:00  INFO 30784 --- [message_ms] [SpringApplicationShutdownHook] [                                                 ] com.zaxxer.hikari.HikariDataSource       : HikariPool-1 - Shutdown completed.
2024-03-23T23:31:37.826-03:00  INFO 26640 --- [message_ms] [main] c.c.message.MessageApplicationTests      : Starting MessageApplicationTests using Java 18.0.2.1 with PID 26640 (started by Usuario in C:\Users\Usuario\Documents\Proyectos\PruebaTecnica\mensajeria_ms)
2024-03-23T23:31:37.829-03:00  INFO 26640 --- [message_ms] [main] c.c.message.MessageApplicationTests      : No active profile set, falling back to 1 default profile: "default"
2024-03-23T23:31:39.874-03:00  INFO 26640 --- [message_ms] [main] .s.d.r.c.RepositoryConfigurationDelegate : Bootstrapping Spring Data JPA repositories in DEFAULT mode.
2024-03-23T23:31:40.024-03:00  INFO 26640 --- [message_ms] [main] .s.d.r.c.RepositoryConfigurationDelegate : Finished Spring Data repository scanning in 121 ms. Found 1 JPA repository interface.
2024-03-23T23:31:41.392-03:00  INFO 26640 --- [message_ms] [main] o.hibernate.jpa.internal.util.LogHelper  : HHH000204: Processing PersistenceUnitInfo [name: default]
2024-03-23T23:31:41.557-03:00  INFO 26640 --- [message_ms] [main] org.hibernate.Version                    : HHH000412: Hibernate ORM core version 6.4.4.Final
2024-03-23T23:31:41.635-03:00  INFO 26640 --- [message_ms] [main] o.h.c.internal.RegionFactoryInitiator    : HHH000026: Second-level cache disabled
2024-03-23T23:31:42.372-03:00  INFO 26640 --- [message_ms] [main] o.s.o.j.p.SpringPersistenceUnitInfo      : No LoadTimeWeaver setup: ignoring JPA class transformer
2024-03-23T23:31:42.466-03:00  INFO 26640 --- [message_ms] [main] com.zaxxer.hikari.HikariDataSource       : HikariPool-1 - Starting...
2024-03-23T23:31:42.985-03:00  INFO 26640 --- [message_ms] [main] com.zaxxer.hikari.pool.HikariPool        : HikariPool-1 - Added connection com.mysql.cj.jdbc.ConnectionImpl@151659dd
2024-03-23T23:31:42.999-03:00  INFO 26640 --- [message_ms] [main] com.zaxxer.hikari.HikariDataSource       : HikariPool-1 - Start completed.
2024-03-23T23:31:45.091-03:00  INFO 26640 --- [message_ms] [main] o.h.e.t.j.p.i.JtaPlatformInitiator       : HHH000489: No JTA platform available (set 'hibernate.transaction.jta.platform' to enable JTA platform integration)
2024-03-23T23:31:45.215-03:00  INFO 26640 --- [message_ms] [main] j.LocalContainerEntityManagerFactoryBean : Initialized JPA EntityManagerFactory for persistence unit 'default'
2024-03-23T23:31:47.901-03:00  WARN 26640 --- [message_ms] [main] JpaBaseConfiguration$JpaWebConfiguration : spring.jpa.open-in-view is enabled by default. Therefore, database queries may be performed during view rendering. Explicitly configure spring.jpa.open-in-view to disable this warning
2024-03-23T23:31:51.124-03:00  INFO 26640 --- [message_ms] [main] o.s.b.a.e.web.EndpointLinksResolver      : Exposing 0 endpoint(s) beneath base path '/actuator'
2024-03-23T23:31:51.479-03:00  INFO 26640 --- [message_ms] [main] c.c.message.MessageApplicationTests      : Started MessageApplicationTests in 14.2 seconds (process running for 16.019)
2024-03-23T23:31:52.874-03:00  INFO 26640 --- [message_ms] [SpringApplicationShutdownHook] j.LocalContainerEntityManagerFactoryBean : Closing JPA EntityManagerFactory for persistence unit 'default'
2024-03-23T23:31:52.883-03:00  INFO 26640 --- [message_ms] [SpringApplicationShutdownHook] com.zaxxer.hikari.HikariDataSource       : HikariPool-1 - Shutdown initiated...
2024-03-23T23:31:52.932-03:00  INFO 26640 --- [message_ms] [SpringApplicationShutdownHook] com.zaxxer.hikari.HikariDataSource       : HikariPool-1 - Shutdown completed.
